{"/home/dolu/Code/quizzical/src/hooks/useQuiz.ts": {"path":"/home/dolu/Code/quizzical/src/hooks/useQuiz.ts","statementMap":{"0":{"start":{"line":24,"column":35},"end":{"line":27,"column":null}},"1":{"start":{"line":30,"column":32},"end":{"line":33,"column":null}},"2":{"start":{"line":31,"column":19},"end":{"line":31,"column":null}},"3":{"start":{"line":32,"column":4},"end":{"line":32,"column":null}},"4":{"start":{"line":34,"column":32},"end":{"line":34,"column":null}},"5":{"start":{"line":35,"column":24},"end":{"line":35,"column":null}},"6":{"start":{"line":36,"column":40},"end":{"line":38,"column":null}},"7":{"start":{"line":37,"column":10},"end":{"line":37,"column":null}},"8":{"start":{"line":39,"column":8},"end":{"line":41,"column":null}},"9":{"start":{"line":42,"column":8},"end":{"line":42,"column":null}},"10":{"start":{"line":44,"column":8},"end":{"line":78,"column":null}},"11":{"start":{"line":45,"column":4},"end":{"line":45,"column":null}},"12":{"start":{"line":45,"column":35},"end":{"line":45,"column":null}},"13":{"start":{"line":47,"column":19},"end":{"line":47,"column":null}},"14":{"start":{"line":48,"column":25},"end":{"line":48,"column":null}},"15":{"start":{"line":49,"column":25},"end":{"line":51,"column":null}},"16":{"start":{"line":53,"column":4},"end":{"line":56,"column":null}},"17":{"start":{"line":54,"column":6},"end":{"line":54,"column":null}},"18":{"start":{"line":55,"column":6},"end":{"line":55,"column":null}},"19":{"start":{"line":58,"column":4},"end":{"line":58,"column":null}},"20":{"start":{"line":59,"column":4},"end":{"line":59,"column":null}},"21":{"start":{"line":60,"column":4},"end":{"line":60,"column":null}},"22":{"start":{"line":61,"column":4},"end":{"line":61,"column":null}},"23":{"start":{"line":63,"column":4},"end":{"line":77,"column":null}},"24":{"start":{"line":64,"column":6},"end":{"line":64,"column":null}},"25":{"start":{"line":65,"column":19},"end":{"line":65,"column":null}},"26":{"start":{"line":66,"column":6},"end":{"line":66,"column":null}},"27":{"start":{"line":67,"column":6},"end":{"line":67,"column":null}},"28":{"start":{"line":68,"column":6},"end":{"line":68,"column":null}},"29":{"start":{"line":70,"column":27},"end":{"line":70,"column":null}},"30":{"start":{"line":71,"column":6},"end":{"line":71,"column":null}},"31":{"start":{"line":72,"column":6},"end":{"line":72,"column":null}},"32":{"start":{"line":73,"column":6},"end":{"line":73,"column":null}},"33":{"start":{"line":75,"column":6},"end":{"line":75,"column":null}},"34":{"start":{"line":76,"column":6},"end":{"line":76,"column":null}},"35":{"start":{"line":80,"column":8},"end":{"line":85,"column":null}},"36":{"start":{"line":81,"column":4},"end":{"line":81,"column":null}},"37":{"start":{"line":82,"column":4},"end":{"line":82,"column":null}},"38":{"start":{"line":83,"column":4},"end":{"line":83,"column":null}},"39":{"start":{"line":84,"column":4},"end":{"line":84,"column":null}},"40":{"start":{"line":87,"column":8},"end":{"line":89,"column":null}},"41":{"start":{"line":88,"column":4},"end":{"line":88,"column":null}},"42":{"start":{"line":91,"column":8},"end":{"line":96,"column":null}},"43":{"start":{"line":92,"column":4},"end":{"line":92,"column":null}},"44":{"start":{"line":93,"column":4},"end":{"line":93,"column":null}},"45":{"start":{"line":94,"column":4},"end":{"line":94,"column":null}},"46":{"start":{"line":95,"column":4},"end":{"line":95,"column":null}},"47":{"start":{"line":98,"column":2},"end":{"line":107,"column":null}},"48":{"start":{"line":111,"column":2},"end":{"line":111,"column":null}},"49":{"start":{"line":115,"column":2},"end":{"line":125,"column":null}},"50":{"start":{"line":116,"column":4},"end":{"line":118,"column":null}},"51":{"start":{"line":117,"column":6},"end":{"line":117,"column":null}},"52":{"start":{"line":119,"column":4},"end":{"line":121,"column":null}},"53":{"start":{"line":120,"column":6},"end":{"line":120,"column":null}},"54":{"start":{"line":122,"column":4},"end":{"line":124,"column":null}},"55":{"start":{"line":123,"column":6},"end":{"line":123,"column":null}},"56":{"start":{"line":126,"column":2},"end":{"line":128,"column":null}},"57":{"start":{"line":127,"column":4},"end":{"line":127,"column":null}},"58":{"start":{"line":129,"column":2},"end":{"line":131,"column":null}},"59":{"start":{"line":130,"column":4},"end":{"line":130,"column":null}},"60":{"start":{"line":132,"column":2},"end":{"line":134,"column":null}},"61":{"start":{"line":133,"column":4},"end":{"line":133,"column":null}},"62":{"start":{"line":135,"column":2},"end":{"line":135,"column":null}}},"fnMap":{"0":{"name":"useQuiz","decl":{"start":{"line":29,"column":16},"end":{"line":29,"column":41}},"loc":{"start":{"line":29,"column":41},"end":{"line":108,"column":null}},"line":29},"1":{"name":"(anonymous_1)","decl":{"start":{"line":30,"column":61},"end":{"line":30,"column":67}},"loc":{"start":{"line":30,"column":67},"end":{"line":33,"column":3}},"line":30},"2":{"name":"(anonymous_2)","decl":{"start":{"line":37,"column":4},"end":{"line":37,"column":10}},"loc":{"start":{"line":37,"column":10},"end":{"line":37,"column":null}},"line":37},"3":{"name":"(anonymous_3)","decl":{"start":{"line":44,"column":31},"end":{"line":44,"column":38}},"loc":{"start":{"line":44,"column":78},"end":{"line":78,"column":5}},"line":44},"4":{"name":"(anonymous_4)","decl":{"start":{"line":80,"column":30},"end":{"line":80,"column":42}},"loc":{"start":{"line":80,"column":42},"end":{"line":85,"column":5}},"line":80},"5":{"name":"(anonymous_5)","decl":{"start":{"line":87,"column":33},"end":{"line":87,"column":39}},"loc":{"start":{"line":87,"column":39},"end":{"line":89,"column":5}},"line":87},"6":{"name":"(anonymous_6)","decl":{"start":{"line":91,"column":33},"end":{"line":91,"column":39}},"loc":{"start":{"line":91,"column":39},"end":{"line":96,"column":5}},"line":91},"7":{"name":"checkIsSameConfig","decl":{"start":{"line":110,"column":9},"end":{"line":110,"column":27}},"loc":{"start":{"line":110,"column":66},"end":{"line":112,"column":null}},"line":110},"8":{"name":"getUserFriendlyErrorMessage","decl":{"start":{"line":114,"column":9},"end":{"line":114,"column":37}},"loc":{"start":{"line":114,"column":61},"end":{"line":136,"column":null}},"line":114}},"branchMap":{"0":{"loc":{"start":{"line":32,"column":11},"end":{"line":32,"column":null}},"type":"binary-expr","locations":[{"start":{"line":32,"column":11},"end":{"line":32,"column":21}},{"start":{"line":32,"column":21},"end":{"line":32,"column":null}}],"line":32},"1":{"loc":{"start":{"line":40,"column":4},"end":{"line":40,"column":null}},"type":"binary-expr","locations":[{"start":{"line":40,"column":4},"end":{"line":40,"column":31}},{"start":{"line":40,"column":31},"end":{"line":40,"column":null}}],"line":40},"2":{"loc":{"start":{"line":44,"column":38},"end":{"line":44,"column":78}},"type":"default-arg","locations":[{"start":{"line":44,"column":59},"end":{"line":44,"column":78}}],"line":44},"3":{"loc":{"start":{"line":45,"column":4},"end":{"line":45,"column":null}},"type":"if","locations":[{"start":{"line":45,"column":4},"end":{"line":45,"column":null}},{"start":{},"end":{}}],"line":45},"4":{"loc":{"start":{"line":49,"column":25},"end":{"line":51,"column":null}},"type":"cond-expr","locations":[{"start":{"line":50,"column":8},"end":{"line":50,"column":null}},{"start":{"line":51,"column":8},"end":{"line":51,"column":null}}],"line":49},"5":{"loc":{"start":{"line":53,"column":4},"end":{"line":56,"column":null}},"type":"if","locations":[{"start":{"line":53,"column":4},"end":{"line":56,"column":null}},{"start":{},"end":{}}],"line":53},"6":{"loc":{"start":{"line":53,"column":8},"end":{"line":53,"column":32}},"type":"binary-expr","locations":[{"start":{"line":53,"column":8},"end":{"line":53,"column":18}},{"start":{"line":53,"column":18},"end":{"line":53,"column":32}}],"line":53},"7":{"loc":{"start":{"line":115,"column":2},"end":{"line":125,"column":null}},"type":"if","locations":[{"start":{"line":115,"column":2},"end":{"line":125,"column":null}},{"start":{},"end":{}}],"line":115},"8":{"loc":{"start":{"line":116,"column":4},"end":{"line":118,"column":null}},"type":"if","locations":[{"start":{"line":116,"column":4},"end":{"line":118,"column":null}},{"start":{},"end":{}}],"line":116},"9":{"loc":{"start":{"line":119,"column":4},"end":{"line":121,"column":null}},"type":"if","locations":[{"start":{"line":119,"column":4},"end":{"line":121,"column":null}},{"start":{},"end":{}}],"line":119},"10":{"loc":{"start":{"line":122,"column":4},"end":{"line":124,"column":null}},"type":"if","locations":[{"start":{"line":122,"column":4},"end":{"line":124,"column":null}},{"start":{},"end":{}}],"line":122},"11":{"loc":{"start":{"line":126,"column":2},"end":{"line":128,"column":null}},"type":"if","locations":[{"start":{"line":126,"column":2},"end":{"line":128,"column":null}},{"start":{},"end":{}}],"line":126},"12":{"loc":{"start":{"line":129,"column":2},"end":{"line":131,"column":null}},"type":"if","locations":[{"start":{"line":129,"column":2},"end":{"line":131,"column":null}},{"start":{},"end":{}}],"line":129},"13":{"loc":{"start":{"line":132,"column":2},"end":{"line":134,"column":null}},"type":"if","locations":[{"start":{"line":132,"column":2},"end":{"line":134,"column":null}},{"start":{},"end":{}}],"line":132}},"s":{"0":4,"1":69,"2":32,"3":32,"4":69,"5":69,"6":69,"7":32,"8":69,"9":69,"10":69,"11":34,"12":2,"13":32,"14":32,"15":32,"16":34,"17":1,"18":1,"19":31,"20":31,"21":31,"22":31,"23":31,"24":31,"25":31,"26":20,"27":20,"28":20,"29":11,"30":11,"31":11,"32":11,"33":31,"34":31,"35":69,"36":3,"37":3,"38":3,"39":3,"40":69,"41":2,"42":69,"43":2,"44":2,"45":2,"46":2,"47":69,"48":2,"49":11,"50":4,"51":1,"52":3,"53":1,"54":2,"55":1,"56":8,"57":1,"58":7,"59":1,"60":6,"61":4,"62":2},"f":{"0":69,"1":32,"2":32,"3":34,"4":3,"5":2,"6":2,"7":2,"8":11},"b":{"0":[32,29],"1":[69,62],"2":[34],"3":[2,32],"4":[2,30],"5":[1,33],"6":[34,2],"7":[4,7],"8":[1,3],"9":[1,2],"10":[1,1],"11":[1,7],"12":[1,6],"13":[4,2]},"meta":{"lastBranch":14,"lastFunction":9,"lastStatement":63,"seen":{"s:24:35:27:Infinity":0,"f:29:16:29:41":0,"s:30:32:33:Infinity":1,"f:30:61:30:67":1,"s:31:19:31:Infinity":2,"s:32:4:32:Infinity":3,"b:32:11:32:21:32:21:32:Infinity":0,"s:34:32:34:Infinity":4,"s:35:24:35:Infinity":5,"s:36:40:38:Infinity":6,"f:37:4:37:10":2,"s:37:10:37:Infinity":7,"s:39:8:41:Infinity":8,"b:40:4:40:31:40:31:40:Infinity":1,"s:42:8:42:Infinity":9,"s:44:8:78:Infinity":10,"f:44:31:44:38":3,"b:44:59:44:78":2,"b:45:4:45:Infinity:undefined:undefined:undefined:undefined":3,"s:45:4:45:Infinity":11,"s:45:35:45:Infinity":12,"s:47:19:47:Infinity":13,"s:48:25:48:Infinity":14,"s:49:25:51:Infinity":15,"b:50:8:50:Infinity:51:8:51:Infinity":4,"b:53:4:56:Infinity:undefined:undefined:undefined:undefined":5,"s:53:4:56:Infinity":16,"b:53:8:53:18:53:18:53:32":6,"s:54:6:54:Infinity":17,"s:55:6:55:Infinity":18,"s:58:4:58:Infinity":19,"s:59:4:59:Infinity":20,"s:60:4:60:Infinity":21,"s:61:4:61:Infinity":22,"s:63:4:77:Infinity":23,"s:64:6:64:Infinity":24,"s:65:19:65:Infinity":25,"s:66:6:66:Infinity":26,"s:67:6:67:Infinity":27,"s:68:6:68:Infinity":28,"s:70:27:70:Infinity":29,"s:71:6:71:Infinity":30,"s:72:6:72:Infinity":31,"s:73:6:73:Infinity":32,"s:75:6:75:Infinity":33,"s:76:6:76:Infinity":34,"s:80:8:85:Infinity":35,"f:80:30:80:42":4,"s:81:4:81:Infinity":36,"s:82:4:82:Infinity":37,"s:83:4:83:Infinity":38,"s:84:4:84:Infinity":39,"s:87:8:89:Infinity":40,"f:87:33:87:39":5,"s:88:4:88:Infinity":41,"s:91:8:96:Infinity":42,"f:91:33:91:39":6,"s:92:4:92:Infinity":43,"s:93:4:93:Infinity":44,"s:94:4:94:Infinity":45,"s:95:4:95:Infinity":46,"s:98:2:107:Infinity":47,"f:110:9:110:27":7,"s:111:2:111:Infinity":48,"f:114:9:114:37":8,"b:115:2:125:Infinity:undefined:undefined:undefined:undefined":7,"s:115:2:125:Infinity":49,"b:116:4:118:Infinity:undefined:undefined:undefined:undefined":8,"s:116:4:118:Infinity":50,"s:117:6:117:Infinity":51,"b:119:4:121:Infinity:undefined:undefined:undefined:undefined":9,"s:119:4:121:Infinity":52,"s:120:6:120:Infinity":53,"b:122:4:124:Infinity:undefined:undefined:undefined:undefined":10,"s:122:4:124:Infinity":54,"s:123:6:123:Infinity":55,"b:126:2:128:Infinity:undefined:undefined:undefined:undefined":11,"s:126:2:128:Infinity":56,"s:127:4:127:Infinity":57,"b:129:2:131:Infinity:undefined:undefined:undefined:undefined":12,"s:129:2:131:Infinity":58,"s:130:4:130:Infinity":59,"b:132:2:134:Infinity:undefined:undefined:undefined:undefined":13,"s:132:2:134:Infinity":60,"s:133:4:133:Infinity":61,"s:135:2:135:Infinity":62}}}
,"/home/dolu/Code/quizzical/src/services/api/client.ts": {"path":"/home/dolu/Code/quizzical/src/services/api/client.ts","statementMap":{"0":{"start":{"line":10,"column":36},"end":{"line":10,"column":null}},"1":{"start":{"line":11,"column":36},"end":{"line":11,"column":null}},"2":{"start":{"line":14,"column":20},"end":{"line":14,"column":null}},"3":{"start":{"line":15,"column":20},"end":{"line":15,"column":null}},"4":{"start":{"line":17,"column":34},"end":{"line":17,"column":null}},"5":{"start":{"line":19,"column":4},"end":{"line":36,"column":null}},"6":{"start":{"line":19,"column":23},"end":{"line":19,"column":26}},"7":{"start":{"line":20,"column":6},"end":{"line":35,"column":null}},"8":{"start":{"line":21,"column":8},"end":{"line":21,"column":null}},"9":{"start":{"line":23,"column":8},"end":{"line":23,"column":null}},"10":{"start":{"line":25,"column":8},"end":{"line":32,"column":null}},"11":{"start":{"line":26,"column":26},"end":{"line":26,"column":null}},"12":{"start":{"line":27,"column":10},"end":{"line":29,"column":null}},"13":{"start":{"line":30,"column":10},"end":{"line":30,"column":null}},"14":{"start":{"line":31,"column":10},"end":{"line":31,"column":null}},"15":{"start":{"line":34,"column":8},"end":{"line":34,"column":null}},"16":{"start":{"line":38,"column":4},"end":{"line":38,"column":null}},"17":{"start":{"line":46,"column":23},"end":{"line":46,"column":null}},"18":{"start":{"line":47,"column":22},"end":{"line":47,"column":null}},"19":{"start":{"line":47,"column":39},"end":{"line":47,"column":59}},"20":{"start":{"line":49,"column":4},"end":{"line":82,"column":null}},"21":{"start":{"line":50,"column":23},"end":{"line":56,"column":null}},"22":{"start":{"line":58,"column":6},"end":{"line":58,"column":null}},"23":{"start":{"line":60,"column":6},"end":{"line":65,"column":null}},"24":{"start":{"line":61,"column":8},"end":{"line":64,"column":null}},"25":{"start":{"line":67,"column":6},"end":{"line":67,"column":null}},"26":{"start":{"line":69,"column":6},"end":{"line":69,"column":null}},"27":{"start":{"line":71,"column":6},"end":{"line":73,"column":null}},"28":{"start":{"line":72,"column":8},"end":{"line":72,"column":null}},"29":{"start":{"line":75,"column":6},"end":{"line":77,"column":null}},"30":{"start":{"line":76,"column":8},"end":{"line":76,"column":null}},"31":{"start":{"line":79,"column":6},"end":{"line":81,"column":null}},"32":{"start":{"line":86,"column":4},"end":{"line":88,"column":null}},"33":{"start":{"line":93,"column":4},"end":{"line":93,"column":null}},"34":{"start":{"line":93,"column":36},"end":{"line":93,"column":59}},"35":{"start":{"line":97,"column":26},"end":{"line":97,"column":null}}},"fnMap":{"0":{"name":"(anonymous_0)","decl":{"start":{"line":13,"column":8},"end":{"line":13,"column":15}},"loc":{"start":{"line":13,"column":64},"end":{"line":39,"column":null}},"line":13},"1":{"name":"(anonymous_1)","decl":{"start":{"line":41,"column":16},"end":{"line":41,"column":null}},"loc":{"start":{"line":45,"column":16},"end":{"line":83,"column":null}},"line":45},"2":{"name":"(anonymous_2)","decl":{"start":{"line":47,"column":33},"end":{"line":47,"column":39}},"loc":{"start":{"line":47,"column":39},"end":{"line":47,"column":59}},"line":47},"3":{"name":"(anonymous_3)","decl":{"start":{"line":85,"column":10},"end":{"line":85,"column":27}},"loc":{"start":{"line":85,"column":52},"end":{"line":90,"column":null}},"line":85},"4":{"name":"(anonymous_4)","decl":{"start":{"line":92,"column":10},"end":{"line":92,"column":16}},"loc":{"start":{"line":92,"column":43},"end":{"line":94,"column":null}},"line":92},"5":{"name":"(anonymous_5)","decl":{"start":{"line":93,"column":23},"end":{"line":93,"column":24}},"loc":{"start":{"line":93,"column":36},"end":{"line":93,"column":59}},"line":93}},"branchMap":{"0":{"loc":{"start":{"line":14,"column":20},"end":{"line":14,"column":null}},"type":"binary-expr","locations":[{"start":{"line":14,"column":20},"end":{"line":14,"column":39}},{"start":{"line":14,"column":39},"end":{"line":14,"column":null}}],"line":14},"1":{"loc":{"start":{"line":15,"column":20},"end":{"line":15,"column":null}},"type":"binary-expr","locations":[{"start":{"line":15,"column":20},"end":{"line":15,"column":39}},{"start":{"line":15,"column":39},"end":{"line":15,"column":null}}],"line":15},"2":{"loc":{"start":{"line":25,"column":8},"end":{"line":32,"column":null}},"type":"if","locations":[{"start":{"line":25,"column":8},"end":{"line":32,"column":null}},{"start":{},"end":{}}],"line":25},"3":{"loc":{"start":{"line":25,"column":12},"end":{"line":25,"column":63}},"type":"binary-expr","locations":[{"start":{"line":25,"column":12},"end":{"line":25,"column":33}},{"start":{"line":25,"column":33},"end":{"line":25,"column":63}}],"line":25},"4":{"loc":{"start":{"line":38,"column":10},"end":{"line":38,"column":null}},"type":"binary-expr","locations":[{"start":{"line":38,"column":10},"end":{"line":38,"column":23}},{"start":{"line":38,"column":23},"end":{"line":38,"column":null}}],"line":38},"5":{"loc":{"start":{"line":60,"column":6},"end":{"line":65,"column":null}},"type":"if","locations":[{"start":{"line":60,"column":6},"end":{"line":65,"column":null}},{"start":{},"end":{}}],"line":60},"6":{"loc":{"start":{"line":71,"column":6},"end":{"line":73,"column":null}},"type":"if","locations":[{"start":{"line":71,"column":6},"end":{"line":73,"column":null}},{"start":{},"end":{}}],"line":71},"7":{"loc":{"start":{"line":75,"column":6},"end":{"line":77,"column":null}},"type":"if","locations":[{"start":{"line":75,"column":6},"end":{"line":77,"column":null}},{"start":{},"end":{}}],"line":75},"8":{"loc":{"start":{"line":75,"column":10},"end":{"line":75,"column":65}},"type":"binary-expr","locations":[{"start":{"line":75,"column":10},"end":{"line":75,"column":36}},{"start":{"line":75,"column":36},"end":{"line":75,"column":65}}],"line":75},"9":{"loc":{"start":{"line":80,"column":8},"end":{"line":80,"column":null}},"type":"cond-expr","locations":[{"start":{"line":80,"column":33},"end":{"line":80,"column":49}},{"start":{"line":80,"column":49},"end":{"line":80,"column":null}}],"line":80},"10":{"loc":{"start":{"line":87,"column":6},"end":{"line":88,"column":null}},"type":"binary-expr","locations":[{"start":{"line":87,"column":6},"end":{"line":87,"column":null}},{"start":{"line":88,"column":7},"end":{"line":88,"column":36}},{"start":{"line":88,"column":36},"end":{"line":88,"column":null}}],"line":87}},"s":{"0":18,"1":18,"2":17,"3":17,"4":17,"5":17,"6":17,"7":25,"8":25,"9":16,"10":16,"11":8,"12":8,"13":8,"14":8,"15":8,"16":0,"17":25,"18":25,"19":1,"20":25,"21":25,"22":15,"23":15,"24":6,"25":9,"26":16,"27":16,"28":6,"29":10,"30":1,"31":9,"32":12,"33":8,"34":8,"35":18},"f":{"0":17,"1":25,"2":1,"3":12,"4":8,"5":8},"b":{"0":[17,16],"1":[17,8],"2":[8,8],"3":[16,12],"4":[0,0],"5":[6,9],"6":[6,10],"7":[1,9],"8":[10,10],"9":[9,0],"10":[12,6,6]},"meta":{"lastBranch":11,"lastFunction":6,"lastStatement":36,"seen":{"s:10:36:10:Infinity":0,"s:11:36:11:Infinity":1,"f:13:8:13:15":0,"s:14:20:14:Infinity":2,"b:14:20:14:39:14:39:14:Infinity":0,"s:15:20:15:Infinity":3,"b:15:20:15:39:15:39:15:Infinity":1,"s:17:34:17:Infinity":4,"s:19:4:36:Infinity":5,"s:19:23:19:26":6,"s:20:6:35:Infinity":7,"s:21:8:21:Infinity":8,"s:23:8:23:Infinity":9,"b:25:8:32:Infinity:undefined:undefined:undefined:undefined":2,"s:25:8:32:Infinity":10,"b:25:12:25:33:25:33:25:63":3,"s:26:26:26:Infinity":11,"s:27:10:29:Infinity":12,"s:30:10:30:Infinity":13,"s:31:10:31:Infinity":14,"s:34:8:34:Infinity":15,"s:38:4:38:Infinity":16,"b:38:10:38:23:38:23:38:Infinity":4,"f:41:16:41:Infinity":1,"s:46:23:46:Infinity":17,"s:47:22:47:Infinity":18,"f:47:33:47:39":2,"s:47:39:47:59":19,"s:49:4:82:Infinity":20,"s:50:23:56:Infinity":21,"s:58:6:58:Infinity":22,"b:60:6:65:Infinity:undefined:undefined:undefined:undefined":5,"s:60:6:65:Infinity":23,"s:61:8:64:Infinity":24,"s:67:6:67:Infinity":25,"s:69:6:69:Infinity":26,"b:71:6:73:Infinity:undefined:undefined:undefined:undefined":6,"s:71:6:73:Infinity":27,"s:72:8:72:Infinity":28,"b:75:6:77:Infinity:undefined:undefined:undefined:undefined":7,"s:75:6:77:Infinity":29,"b:75:10:75:36:75:36:75:65":8,"s:76:8:76:Infinity":30,"s:79:6:81:Infinity":31,"b:80:33:80:49:80:49:80:Infinity":9,"f:85:10:85:27":3,"s:86:4:88:Infinity":32,"b:87:6:87:Infinity:88:7:88:36:88:36:88:Infinity":10,"f:92:10:92:16":4,"s:93:4:93:Infinity":33,"f:93:23:93:24":5,"s:93:36:93:59":34,"s:97:26:97:Infinity":35}}}
,"/home/dolu/Code/quizzical/src/services/api/constants.ts": {"path":"/home/dolu/Code/quizzical/src/services/api/constants.ts","statementMap":{"0":{"start":{"line":1,"column":31},"end":{"line":8,"column":null}}},"fnMap":{},"branchMap":{},"s":{"0":5},"f":{},"b":{},"meta":{"lastBranch":0,"lastFunction":0,"lastStatement":1,"seen":{"s:1:31:8:Infinity":0}}}
,"/home/dolu/Code/quizzical/src/services/api/endpoints.ts": {"path":"/home/dolu/Code/quizzical/src/services/api/endpoints.ts","statementMap":{"0":{"start":{"line":1,"column":17},"end":{"line":1,"column":null}},"1":{"start":{"line":3,"column":25},"end":{"line":20,"column":null}},"2":{"start":{"line":10,"column":19},"end":{"line":10,"column":null}},"3":{"start":{"line":11,"column":4},"end":{"line":11,"column":null}},"4":{"start":{"line":12,"column":4},"end":{"line":12,"column":null}},"5":{"start":{"line":14,"column":4},"end":{"line":14,"column":null}},"6":{"start":{"line":14,"column":20},"end":{"line":14,"column":null}},"7":{"start":{"line":15,"column":4},"end":{"line":15,"column":null}},"8":{"start":{"line":15,"column":14},"end":{"line":15,"column":null}},"9":{"start":{"line":17,"column":4},"end":{"line":17,"column":null}}},"fnMap":{"0":{"name":"(anonymous_0)","decl":{"start":{"line":4,"column":8},"end":{"line":4,"column":null}},"loc":{"start":{"line":9,"column":15},"end":{"line":18,"column":null}},"line":9}},"branchMap":{"0":{"loc":{"start":{"line":5,"column":4},"end":{"line":5,"column":null}},"type":"default-arg","locations":[{"start":{"line":5,"column":21},"end":{"line":5,"column":null}}],"line":5},"1":{"loc":{"start":{"line":6,"column":4},"end":{"line":6,"column":null}},"type":"default-arg","locations":[{"start":{"line":6,"column":23},"end":{"line":6,"column":null}}],"line":6},"2":{"loc":{"start":{"line":14,"column":4},"end":{"line":14,"column":null}},"type":"if","locations":[{"start":{"line":14,"column":4},"end":{"line":14,"column":null}},{"start":{},"end":{}}],"line":14},"3":{"loc":{"start":{"line":15,"column":4},"end":{"line":15,"column":null}},"type":"if","locations":[{"start":{"line":15,"column":4},"end":{"line":15,"column":null}},{"start":{},"end":{}}],"line":15}},"s":{"0":6,"1":6,"2":24,"3":24,"4":24,"5":24,"6":17,"7":24,"8":17,"9":24},"f":{"0":24},"b":{"0":[24],"1":[24],"2":[17,7],"3":[17,7]},"meta":{"lastBranch":4,"lastFunction":1,"lastStatement":10,"seen":{"s:1:17:1:Infinity":0,"s:3:25:20:Infinity":1,"f:4:8:4:Infinity":0,"b:5:21:5:Infinity":0,"b:6:23:6:Infinity":1,"s:10:19:10:Infinity":2,"s:11:4:11:Infinity":3,"s:12:4:12:Infinity":4,"b:14:4:14:Infinity:undefined:undefined:undefined:undefined":2,"s:14:4:14:Infinity":5,"s:14:20:14:Infinity":6,"b:15:4:15:Infinity:undefined:undefined:undefined:undefined":3,"s:15:4:15:Infinity":7,"s:15:14:15:Infinity":8,"s:17:4:17:Infinity":9}}}
,"/home/dolu/Code/quizzical/src/services/quiz/QuizService.ts": {"path":"/home/dolu/Code/quizzical/src/services/quiz/QuizService.ts","statementMap":{"0":{"start":{"line":10,"column":16},"end":{"line":15,"column":null}},"1":{"start":{"line":17,"column":17},"end":{"line":17,"column":null}},"2":{"start":{"line":19,"column":4},"end":{"line":19,"column":null}},"3":{"start":{"line":21,"column":4},"end":{"line":21,"column":null}},"4":{"start":{"line":21,"column":38},"end":{"line":21,"column":66}},"5":{"start":{"line":25,"column":17},"end":{"line":27,"column":null}},"6":{"start":{"line":28,"column":4},"end":{"line":28,"column":null}},"7":{"start":{"line":32,"column":4},"end":{"line":47,"column":null}},"8":{"start":{"line":33,"column":52},"end":{"line":40,"column":null}},"9":{"start":{"line":43,"column":8},"end":{"line":44,"column":null}},"10":{"start":{"line":46,"column":6},"end":{"line":46,"column":null}},"11":{"start":{"line":49,"column":4},"end":{"line":51,"column":null}},"12":{"start":{"line":50,"column":6},"end":{"line":50,"column":null}},"13":{"start":{"line":55,"column":16},"end":{"line":55,"column":null}},"14":{"start":{"line":56,"column":4},"end":{"line":56,"column":null}},"15":{"start":{"line":57,"column":4},"end":{"line":57,"column":null}},"16":{"start":{"line":60,"column":21},"end":{"line":60,"column":null}},"17":{"start":{"line":62,"column":4},"end":{"line":65,"column":null}},"18":{"start":{"line":62,"column":17},"end":{"line":62,"column":38}},"19":{"start":{"line":63,"column":16},"end":{"line":63,"column":null}},"20":{"start":{"line":64,"column":6},"end":{"line":64,"column":null}},"21":{"start":{"line":67,"column":4},"end":{"line":67,"column":null}},"22":{"start":{"line":71,"column":21},"end":{"line":71,"column":null}},"23":{"start":{"line":72,"column":21},"end":{"line":72,"column":null}},"24":{"start":{"line":73,"column":26},"end":{"line":73,"column":null}},"25":{"start":{"line":74,"column":29},"end":{"line":76,"column":null}},"26":{"start":{"line":75,"column":6},"end":{"line":75,"column":null}},"27":{"start":{"line":78,"column":23},"end":{"line":78,"column":null}},"28":{"start":{"line":79,"column":28},"end":{"line":79,"column":null}},"29":{"start":{"line":81,"column":4},"end":{"line":89,"column":null}},"30":{"start":{"line":93,"column":27},"end":{"line":93,"column":null}}},"fnMap":{"0":{"name":"(anonymous_0)","decl":{"start":{"line":9,"column":8},"end":{"line":9,"column":16}},"loc":{"start":{"line":9,"column":61},"end":{"line":22,"column":null}},"line":9},"1":{"name":"(anonymous_1)","decl":{"start":{"line":21,"column":28},"end":{"line":21,"column":29}},"loc":{"start":{"line":21,"column":38},"end":{"line":21,"column":66}},"line":21},"2":{"name":"(anonymous_2)","decl":{"start":{"line":24,"column":8},"end":{"line":24,"column":49}},"loc":{"start":{"line":24,"column":49},"end":{"line":29,"column":null}},"line":24},"3":{"name":"(anonymous_3)","decl":{"start":{"line":31,"column":10},"end":{"line":31,"column":27}},"loc":{"start":{"line":31,"column":56},"end":{"line":52,"column":null}},"line":31},"4":{"name":"(anonymous_4)","decl":{"start":{"line":54,"column":10},"end":{"line":54,"column":21}},"loc":{"start":{"line":54,"column":43},"end":{"line":58,"column":null}},"line":54},"5":{"name":"(anonymous_5)","decl":{"start":{"line":59,"column":10},"end":{"line":59,"column":26}},"loc":{"start":{"line":59,"column":43},"end":{"line":68,"column":null}},"line":59},"6":{"name":"(anonymous_6)","decl":{"start":{"line":70,"column":10},"end":{"line":70,"column":28}},"loc":{"start":{"line":70,"column":60},"end":{"line":90,"column":null}},"line":70},"7":{"name":"(anonymous_7)","decl":{"start":{"line":74,"column":55},"end":{"line":74,"column":56}},"loc":{"start":{"line":75,"column":6},"end":{"line":75,"column":null}},"line":75}},"branchMap":{"0":{"loc":{"start":{"line":32,"column":4},"end":{"line":47,"column":null}},"type":"if","locations":[{"start":{"line":32,"column":4},"end":{"line":47,"column":null}},{"start":{},"end":{}}],"line":32},"1":{"loc":{"start":{"line":43,"column":8},"end":{"line":44,"column":null}},"type":"binary-expr","locations":[{"start":{"line":43,"column":8},"end":{"line":43,"column":null}},{"start":{"line":44,"column":8},"end":{"line":44,"column":null}}],"line":43},"2":{"loc":{"start":{"line":49,"column":4},"end":{"line":51,"column":null}},"type":"if","locations":[{"start":{"line":49,"column":4},"end":{"line":51,"column":null}},{"start":{},"end":{}}],"line":49},"3":{"loc":{"start":{"line":49,"column":8},"end":{"line":49,"column":52}},"type":"binary-expr","locations":[{"start":{"line":49,"column":8},"end":{"line":49,"column":25}},{"start":{"line":49,"column":25},"end":{"line":49,"column":52}}],"line":49}},"s":{"0":17,"1":17,"2":17,"3":17,"4":13,"5":1,"6":1,"7":17,"8":6,"9":6,"10":6,"11":11,"12":2,"13":78,"14":78,"15":78,"16":13,"17":13,"18":13,"19":39,"20":39,"21":13,"22":13,"23":13,"24":13,"25":13,"26":39,"27":13,"28":13,"29":13,"30":5},"f":{"0":17,"1":13,"2":1,"3":17,"4":78,"5":13,"6":13,"7":39},"b":{"0":[6,11],"1":[6,1],"2":[2,9],"3":[11,10]},"meta":{"lastBranch":4,"lastFunction":8,"lastStatement":31,"seen":{"f:9:8:9:16":0,"s:10:16:15:Infinity":0,"s:17:17:17:Infinity":1,"s:19:4:19:Infinity":2,"s:21:4:21:Infinity":3,"f:21:28:21:29":1,"s:21:38:21:66":4,"f:24:8:24:49":2,"s:25:17:27:Infinity":5,"s:28:4:28:Infinity":6,"f:31:10:31:27":3,"b:32:4:47:Infinity:undefined:undefined:undefined:undefined":0,"s:32:4:47:Infinity":7,"s:33:52:40:Infinity":8,"s:43:8:44:Infinity":9,"b:43:8:43:Infinity:44:8:44:Infinity":1,"s:46:6:46:Infinity":10,"b:49:4:51:Infinity:undefined:undefined:undefined:undefined":2,"s:49:4:51:Infinity":11,"b:49:8:49:25:49:25:49:52":3,"s:50:6:50:Infinity":12,"f:54:10:54:21":4,"s:55:16:55:Infinity":13,"s:56:4:56:Infinity":14,"s:57:4:57:Infinity":15,"f:59:10:59:26":5,"s:60:21:60:Infinity":16,"s:62:4:65:Infinity":17,"s:62:17:62:38":18,"s:63:16:63:Infinity":19,"s:64:6:64:Infinity":20,"s:67:4:67:Infinity":21,"f:70:10:70:28":6,"s:71:21:71:Infinity":22,"s:72:21:72:Infinity":23,"s:73:26:73:Infinity":24,"s:74:29:76:Infinity":25,"f:74:55:74:56":7,"s:75:6:75:Infinity":26,"s:78:23:78:Infinity":27,"s:79:28:79:Infinity":28,"s:81:4:89:Infinity":29,"s:93:27:93:Infinity":30}}}
,"/home/dolu/Code/quizzical/src/services/quiz/index.ts": {"path":"/home/dolu/Code/quizzical/src/services/quiz/index.ts","statementMap":{},"fnMap":{},"branchMap":{},"s":{},"f":{},"b":{},"meta":{"lastBranch":0,"lastFunction":0,"lastStatement":0,"seen":{}}}
,"/home/dolu/Code/quizzical/src/services/storage/StorageService.ts": {"path":"/home/dolu/Code/quizzical/src/services/storage/StorageService.ts","statementMap":{"0":{"start":{"line":6,"column":4},"end":{"line":15,"column":null}},"1":{"start":{"line":7,"column":19},"end":{"line":7,"column":null}},"2":{"start":{"line":8,"column":6},"end":{"line":8,"column":null}},"3":{"start":{"line":8,"column":17},"end":{"line":8,"column":null}},"4":{"start":{"line":10,"column":37},"end":{"line":10,"column":null}},"5":{"start":{"line":11,"column":6},"end":{"line":11,"column":null}},"6":{"start":{"line":13,"column":6},"end":{"line":13,"column":null}},"7":{"start":{"line":14,"column":6},"end":{"line":14,"column":null}},"8":{"start":{"line":19,"column":4},"end":{"line":31,"column":null}},"9":{"start":{"line":20,"column":37},"end":{"line":24,"column":null}},"10":{"start":{"line":25,"column":6},"end":{"line":25,"column":null}},"11":{"start":{"line":27,"column":6},"end":{"line":27,"column":null}},"12":{"start":{"line":28,"column":6},"end":{"line":30,"column":null}},"13":{"start":{"line":29,"column":8},"end":{"line":29,"column":null}},"14":{"start":{"line":35,"column":4},"end":{"line":39,"column":null}},"15":{"start":{"line":36,"column":6},"end":{"line":36,"column":null}},"16":{"start":{"line":38,"column":6},"end":{"line":38,"column":null}},"17":{"start":{"line":43,"column":4},"end":{"line":47,"column":null}},"18":{"start":{"line":44,"column":6},"end":{"line":44,"column":null}},"19":{"start":{"line":46,"column":6},"end":{"line":46,"column":null}},"20":{"start":{"line":59,"column":4},"end":{"line":59,"column":null}},"21":{"start":{"line":60,"column":4},"end":{"line":60,"column":null}},"22":{"start":{"line":64,"column":4},"end":{"line":64,"column":null}},"23":{"start":{"line":68,"column":4},"end":{"line":68,"column":null}},"24":{"start":{"line":72,"column":4},"end":{"line":72,"column":null}},"25":{"start":{"line":76,"column":4},"end":{"line":76,"column":null}},"26":{"start":{"line":80,"column":27},"end":{"line":82,"column":null}},"27":{"start":{"line":84,"column":33},"end":{"line":86,"column":null}}},"fnMap":{"0":{"name":"(anonymous_0)","decl":{"start":{"line":5,"column":2},"end":{"line":5,"column":6}},"loc":{"start":{"line":5,"column":29},"end":{"line":16,"column":null}},"line":5},"1":{"name":"(anonymous_1)","decl":{"start":{"line":18,"column":2},"end":{"line":18,"column":6}},"loc":{"start":{"line":18,"column":35},"end":{"line":32,"column":null}},"line":18},"2":{"name":"(anonymous_2)","decl":{"start":{"line":34,"column":2},"end":{"line":34,"column":9}},"loc":{"start":{"line":34,"column":28},"end":{"line":40,"column":null}},"line":34},"3":{"name":"(anonymous_3)","decl":{"start":{"line":42,"column":2},"end":{"line":42,"column":16}},"loc":{"start":{"line":42,"column":16},"end":{"line":48,"column":null}},"line":42},"4":{"name":"(anonymous_4)","decl":{"start":{"line":55,"column":2},"end":{"line":55,"column":null}},"loc":{"start":{"line":58,"column":4},"end":{"line":61,"column":null}},"line":58},"5":{"name":"(anonymous_5)","decl":{"start":{"line":63,"column":2},"end":{"line":63,"column":18}},"loc":{"start":{"line":63,"column":18},"end":{"line":65,"column":null}},"line":63},"6":{"name":"(anonymous_6)","decl":{"start":{"line":67,"column":2},"end":{"line":67,"column":7}},"loc":{"start":{"line":67,"column":23},"end":{"line":69,"column":null}},"line":67},"7":{"name":"(anonymous_7)","decl":{"start":{"line":71,"column":2},"end":{"line":71,"column":17}},"loc":{"start":{"line":71,"column":17},"end":{"line":73,"column":null}},"line":71},"8":{"name":"(anonymous_8)","decl":{"start":{"line":75,"column":2},"end":{"line":75,"column":21}},"loc":{"start":{"line":75,"column":21},"end":{"line":77,"column":null}},"line":75}},"branchMap":{"0":{"loc":{"start":{"line":8,"column":6},"end":{"line":8,"column":null}},"type":"if","locations":[{"start":{"line":8,"column":6},"end":{"line":8,"column":null}},{"start":{},"end":{}}],"line":8},"1":{"loc":{"start":{"line":28,"column":6},"end":{"line":30,"column":null}},"type":"if","locations":[{"start":{"line":28,"column":6},"end":{"line":30,"column":null}},{"start":{},"end":{}}],"line":28},"2":{"loc":{"start":{"line":28,"column":10},"end":{"line":28,"column":73}},"type":"binary-expr","locations":[{"start":{"line":28,"column":10},"end":{"line":28,"column":36}},{"start":{"line":28,"column":36},"end":{"line":28,"column":73}}],"line":28},"3":{"loc":{"start":{"line":57,"column":4},"end":{"line":57,"column":null}},"type":"default-arg","locations":[{"start":{"line":57,"column":35},"end":{"line":57,"column":null}}],"line":57}},"s":{"0":25,"1":25,"2":25,"3":17,"4":7,"5":7,"6":2,"7":2,"8":9,"9":9,"10":9,"11":2,"12":2,"13":1,"14":2,"15":2,"16":1,"17":2,"18":2,"19":1,"20":17,"21":17,"22":26,"23":7,"24":1,"25":3,"26":4,"27":4},"f":{"0":25,"1":9,"2":2,"3":2,"4":17,"5":26,"6":7,"7":1,"8":3},"b":{"0":[17,8],"1":[1,1],"2":[2,2],"3":[17]},"meta":{"lastBranch":4,"lastFunction":9,"lastStatement":28,"seen":{"f:5:2:5:6":0,"s:6:4:15:Infinity":0,"s:7:19:7:Infinity":1,"b:8:6:8:Infinity:undefined:undefined:undefined:undefined":0,"s:8:6:8:Infinity":2,"s:8:17:8:Infinity":3,"s:10:37:10:Infinity":4,"s:11:6:11:Infinity":5,"s:13:6:13:Infinity":6,"s:14:6:14:Infinity":7,"f:18:2:18:6":1,"s:19:4:31:Infinity":8,"s:20:37:24:Infinity":9,"s:25:6:25:Infinity":10,"s:27:6:27:Infinity":11,"b:28:6:30:Infinity:undefined:undefined:undefined:undefined":1,"s:28:6:30:Infinity":12,"b:28:10:28:36:28:36:28:73":2,"s:29:8:29:Infinity":13,"f:34:2:34:9":2,"s:35:4:39:Infinity":14,"s:36:6:36:Infinity":15,"s:38:6:38:Infinity":16,"f:42:2:42:16":3,"s:43:4:47:Infinity":17,"s:44:6:44:Infinity":18,"s:46:6:46:Infinity":19,"f:55:2:55:Infinity":4,"b:57:35:57:Infinity":3,"s:59:4:59:Infinity":20,"s:60:4:60:Infinity":21,"f:63:2:63:18":5,"s:64:4:64:Infinity":22,"f:67:2:67:7":6,"s:68:4:68:Infinity":23,"f:71:2:71:17":7,"s:72:4:72:Infinity":24,"f:75:2:75:21":8,"s:76:4:76:Infinity":25,"s:80:27:82:Infinity":26,"s:84:33:86:Infinity":27}}}
,"/home/dolu/Code/quizzical/src/services/storage/index.ts": {"path":"/home/dolu/Code/quizzical/src/services/storage/index.ts","statementMap":{},"fnMap":{},"branchMap":{},"s":{},"f":{},"b":{},"meta":{"lastBranch":0,"lastFunction":0,"lastStatement":0,"seen":{}}}
,"/home/dolu/Code/quizzical/src/services/storage/type.ts": {"path":"/home/dolu/Code/quizzical/src/services/storage/type.ts","statementMap":{"0":{"start":{"line":14,"column":28},"end":{"line":18,"column":null}}},"fnMap":{},"branchMap":{},"s":{"0":5},"f":{},"b":{},"meta":{"lastBranch":0,"lastFunction":0,"lastStatement":1,"seen":{"s:14:28:18:Infinity":0}}}
,"/home/dolu/Code/quizzical/src/utils/errors.ts": {"path":"/home/dolu/Code/quizzical/src/utils/errors.ts","statementMap":{"0":{"start":{"line":6,"column":4},"end":{"line":6,"column":null}},"1":{"start":{"line":7,"column":4},"end":{"line":7,"column":null}},"2":{"start":{"line":8,"column":4},"end":{"line":8,"column":null}},"3":{"start":{"line":9,"column":4},"end":{"line":9,"column":null}},"4":{"start":{"line":10,"column":4},"end":{"line":10,"column":null}},"5":{"start":{"line":18,"column":4},"end":{"line":18,"column":null}},"6":{"start":{"line":19,"column":4},"end":{"line":19,"column":null}},"7":{"start":{"line":20,"column":4},"end":{"line":20,"column":null}},"8":{"start":{"line":28,"column":4},"end":{"line":28,"column":null}},"9":{"start":{"line":29,"column":4},"end":{"line":29,"column":null}},"10":{"start":{"line":30,"column":4},"end":{"line":30,"column":null}},"11":{"start":{"line":35,"column":2},"end":{"line":35,"column":null}},"12":{"start":{"line":39,"column":2},"end":{"line":39,"column":null}},"13":{"start":{"line":43,"column":2},"end":{"line":43,"column":null}},"14":{"start":{"line":46,"column":30},"end":{"line":52,"column":null}}},"fnMap":{"0":{"name":"(anonymous_0)","decl":{"start":{"line":5,"column":2},"end":{"line":5,"column":14}},"loc":{"start":{"line":5,"column":62},"end":{"line":11,"column":null}},"line":5},"1":{"name":"(anonymous_1)","decl":{"start":{"line":17,"column":2},"end":{"line":17,"column":14}},"loc":{"start":{"line":17,"column":41},"end":{"line":21,"column":null}},"line":17},"2":{"name":"(anonymous_2)","decl":{"start":{"line":27,"column":2},"end":{"line":27,"column":14}},"loc":{"start":{"line":27,"column":31},"end":{"line":31,"column":null}},"line":27},"3":{"name":"isApiError","decl":{"start":{"line":34,"column":16},"end":{"line":34,"column":27}},"loc":{"start":{"line":34,"column":62},"end":{"line":36,"column":null}},"line":34},"4":{"name":"isNetworkError","decl":{"start":{"line":38,"column":16},"end":{"line":38,"column":31}},"loc":{"start":{"line":38,"column":70},"end":{"line":40,"column":null}},"line":38},"5":{"name":"isValidationError","decl":{"start":{"line":42,"column":16},"end":{"line":42,"column":34}},"loc":{"start":{"line":42,"column":76},"end":{"line":44,"column":null}},"line":42}},"branchMap":{"0":{"loc":{"start":{"line":17,"column":14},"end":{"line":17,"column":41}},"type":"default-arg","locations":[{"start":{"line":17,"column":24},"end":{"line":17,"column":41}}],"line":17}},"s":{"0":10,"1":10,"2":10,"3":10,"4":10,"5":11,"6":11,"7":11,"8":9,"9":9,"10":9,"11":11,"12":8,"13":7,"14":19},"f":{"0":10,"1":11,"2":9,"3":11,"4":8,"5":7},"b":{"0":[11]},"meta":{"lastBranch":1,"lastFunction":6,"lastStatement":15,"seen":{"f:5:2:5:14":0,"s:6:4:6:Infinity":0,"s:7:4:7:Infinity":1,"s:8:4:8:Infinity":2,"s:9:4:9:Infinity":3,"s:10:4:10:Infinity":4,"f:17:2:17:14":1,"b:17:24:17:41":0,"s:18:4:18:Infinity":5,"s:19:4:19:Infinity":6,"s:20:4:20:Infinity":7,"f:27:2:27:14":2,"s:28:4:28:Infinity":8,"s:29:4:29:Infinity":9,"s:30:4:30:Infinity":10,"f:34:16:34:27":3,"s:35:2:35:Infinity":11,"f:38:16:38:31":4,"s:39:2:39:Infinity":12,"f:42:16:42:34":5,"s:43:2:43:Infinity":13,"s:46:30:52:Infinity":14}}}
}
